2025-08-25 08:01:41,117 - ai-band-orchestrator - INFO - Logging system initialized
2025-08-25 08:06:20,063 - ai-band-orchestrator - INFO - Logging system initialized
2025-08-25 08:13:36,234 - ai-band-orchestrator - INFO - Logging system initialized
2025-08-25 08:13:36,246 - httpx - INFO - HTTP Request: POST http://testserver/api/generate "HTTP/1.1 422 Unprocessable Entity"
2025-08-25 08:14:27,310 - ai-band-orchestrator - INFO - Logging system initialized
2025-08-25 08:14:27,320 - ai-band-orchestrator - INFO - Generation request from plugin test_plugin
2025-08-25 08:14:27,320 - ai-band-orchestrator - ERROR - Generation error: 503: Backend client not available
2025-08-25 08:14:27,323 - httpx - INFO - HTTP Request: POST http://testserver/api/generate "HTTP/1.1 500 Internal Server Error"
2025-08-25 08:14:35,839 - ai-band-orchestrator - INFO - Logging system initialized
2025-08-25 08:14:35,843 - ai-band-orchestrator - INFO - Starting AI Band Orchestrator...
2025-08-25 08:14:35,844 - src.backend_client - INFO - Backend client initialized successfully
2025-08-25 08:14:36,090 - src.plugin_client - INFO - Plugin client initialized with folder: C:\Users\SnS_D\Desktop\IA\ai-band-orchestrator\generated_files
2025-08-25 08:14:36,091 - src.utils - INFO - File monitoring started
2025-08-25 08:14:50,424 - ai-band-orchestrator - INFO - Shutting down AI Band Orchestrator...
2025-08-25 08:14:50,424 - src.utils - INFO - File monitoring stopped
2025-08-25 08:15:02,301 - ai-band-orchestrator - INFO - Logging system initialized
2025-08-25 08:15:02,306 - ai-band-orchestrator - INFO - Starting AI Band Orchestrator...
2025-08-25 08:15:02,306 - src.backend_client - INFO - Backend client initialized successfully
2025-08-25 08:15:02,514 - src.plugin_client - INFO - Plugin client initialized with folder: C:\Users\SnS_D\Desktop\IA\ai-band-orchestrator\generated_files
2025-08-25 08:15:02,515 - src.utils - INFO - File monitoring started
2025-08-25 08:15:27,828 - ai-band-orchestrator - INFO - Shutting down AI Band Orchestrator...
2025-08-25 08:15:27,828 - src.utils - INFO - File monitoring stopped
2025-08-25 08:15:28,542 - ai-band-orchestrator - INFO - Logging system initialized
2025-08-25 08:15:28,547 - ai-band-orchestrator - INFO - Starting AI Band Orchestrator...
2025-08-25 08:15:28,547 - src.backend_client - INFO - Backend client initialized successfully
2025-08-25 08:15:28,777 - src.plugin_client - INFO - Plugin client initialized with folder: C:\Users\SnS_D\Desktop\IA\ai-band-orchestrator\generated_files
2025-08-25 08:15:28,777 - src.utils - INFO - File monitoring started
2025-08-25 08:15:29,544 - ai-band-orchestrator - INFO - Logging system initialized
2025-08-25 08:15:29,549 - ai-band-orchestrator - INFO - Starting AI Band Orchestrator...
2025-08-25 08:15:29,549 - src.backend_client - INFO - Backend client initialized successfully
2025-08-25 08:15:29,762 - src.plugin_client - INFO - Plugin client initialized with folder: C:\Users\SnS_D\Desktop\IA\ai-band-orchestrator\generated_files
2025-08-25 08:15:29,763 - src.utils - INFO - File monitoring started
2025-08-25 08:15:40,268 - ai-band-orchestrator - INFO - Shutting down AI Band Orchestrator...
2025-08-25 08:15:40,268 - src.utils - INFO - File monitoring stopped
2025-08-25 08:20:29,892 - ai-band-orchestrator - INFO - Logging system initialized
2025-08-25 08:20:30,083 - plugin_client - INFO - Plugin client initialized with folder: C:\Users\SnS_D\Desktop\IA\ai-band-orchestrator\generated_files
2025-08-25 08:20:30,083 - plugin_client - INFO - Registered plugin: integration_test
2025-08-25 08:20:30,084 - backend_client - INFO - Generated bass track: bass_140bpm_G_1chords.mid
2025-08-25 08:20:30,088 - backend_client - INFO - Generated drums track: drums_140bpm_G_1chords.mid
2025-08-25 08:20:30,089 - plugin_client - INFO - Notification file updated for plugin integration_test
2025-08-25 08:20:30,089 - plugin_client - INFO - Notification file updated for plugin integration_test
2025-08-25 08:22:31,326 - ai-band-orchestrator - INFO - Logging system initialized
2025-08-25 08:22:31,331 - backend_client - INFO - Backend client initialized successfully
2025-08-25 08:22:31,534 - plugin_client - INFO - Plugin client initialized with folder: C:\Users\SnS_D\AppData\Local\Temp\tmp6dn3qlh5
2025-08-25 08:22:31,535 - plugin_client - INFO - Registered plugin: test_plugin
2025-08-25 08:22:31,539 - ai-band-orchestrator - INFO - Logging system initialized
2025-08-25 08:23:39,393 - ai-band-orchestrator - INFO - Logging system initialized
2025-08-25 08:23:39,397 - backend_client - INFO - Backend client initialized successfully
2025-08-25 08:23:39,638 - plugin_client - INFO - Plugin client initialized with folder: C:\Users\SnS_D\AppData\Local\Temp\tmpm1oy2gqi
2025-08-25 08:23:39,639 - plugin_client - INFO - Registered plugin: test_plugin
2025-08-25 08:23:39,642 - ai-band-orchestrator - INFO - Logging system initialized
2025-08-25 08:23:58,614 - ai-band-orchestrator - INFO - Logging system initialized
2025-08-25 08:23:58,619 - backend_client - INFO - Backend client initialized successfully
2025-08-25 08:23:58,826 - plugin_client - INFO - Plugin client initialized with folder: C:\Users\SnS_D\AppData\Local\Temp\tmpnjvflbks
2025-08-25 08:23:58,828 - plugin_client - INFO - Registered plugin: test_plugin
2025-08-25 08:23:58,831 - ai-band-orchestrator - INFO - Logging system initialized
2025-08-25 08:30:32,228 - ai-band-orchestrator - INFO - Logging system initialized
2025-08-25 08:30:43,116 - ai-band-orchestrator - INFO - Logging system initialized
2025-08-25 08:31:09,963 - ai-band-orchestrator - INFO - Logging system initialized
2025-08-25 08:31:10,140 - plugin_client - INFO - Plugin client initialized with folder: C:\Users\SnS_D\Desktop\IA\ai-band-orchestrator\generated_files
2025-08-25 08:31:10,140 - plugin_client - INFO - Registered plugin: integration_test
2025-08-25 08:31:10,142 - backend_client - INFO - Generated bass track: bass_140bpm_G_1chords.mid
2025-08-25 08:31:10,145 - backend_client - INFO - Generated drums track: drums_140bpm_G_1chords.mid
2025-08-25 08:31:10,145 - plugin_client - INFO - Notification file updated for plugin integration_test
2025-08-25 08:31:10,146 - plugin_client - INFO - Notification file updated for plugin integration_test
2025-08-25 08:34:05,158 - ai-band-orchestrator - INFO - Logging system initialized
2025-08-25 08:34:05,334 - plugin_client - INFO - Plugin client initialized with folder: C:\Users\SnS_D\Desktop\IA\ai-band-orchestrator\generated_files
2025-08-25 08:34:05,334 - plugin_client - INFO - Registered plugin: integration_test
2025-08-25 08:34:05,335 - backend_client - INFO - Generated bass track: bass_140bpm_G_1chords.mid
2025-08-25 08:34:05,338 - backend_client - INFO - Generated drums track: drums_140bpm_G_1chords.mid
2025-08-25 08:34:05,339 - plugin_client - INFO - Notification file updated for plugin integration_test
2025-08-25 08:34:05,340 - plugin_client - INFO - Notification file updated for plugin integration_test
2025-08-25 08:34:11,878 - ai-band-orchestrator - INFO - Logging system initialized
2025-08-25 08:34:11,882 - ai-band-orchestrator - INFO - Starting AI Band Orchestrator...
2025-08-25 08:34:11,882 - src.backend_client - INFO - Backend client initialized successfully
2025-08-25 08:34:12,085 - src.plugin_client - INFO - Plugin client initialized with folder: C:\Users\SnS_D\Desktop\IA\ai-band-orchestrator\generated_files
2025-08-25 08:34:12,086 - src.utils - INFO - File monitoring started
2025-08-25 08:35:01,416 - ai-band-orchestrator - INFO - Generation request from plugin test_plugin_live
2025-08-25 08:35:01,418 - src.backend_client - INFO - Generated bass track: bass_120bpm_C_2chords.mid
2025-08-25 08:36:13,576 - ai-band-orchestrator - INFO - Shutting down AI Band Orchestrator...
2025-08-25 08:36:13,576 - src.utils - INFO - File monitoring stopped
2025-08-25 08:36:14,199 - ai-band-orchestrator - INFO - Logging system initialized
2025-08-25 08:36:14,204 - ai-band-orchestrator - INFO - Starting AI Band Orchestrator...
2025-08-25 08:36:14,204 - src.backend_client - INFO - Backend client initialized successfully
2025-08-25 08:36:14,402 - src.plugin_client - INFO - Plugin client initialized with folder: C:\Users\SnS_D\Desktop\IA\ai-band-orchestrator\generated_files
2025-08-25 08:36:14,402 - src.utils - INFO - File monitoring started
